[debug] [2026-05-03T04:50:39.573Z] ----------------------------------------------------------------------
[debug] [2026-05-03T04:50:39.576Z] Command:       C:\Program Files\nodejs\node.exe C:\Users\chamara\AppData\Roaming\npm\node_modules\firebase-tools\lib\bin\firebase.js init functions
[debug] [2026-05-03T04:50:39.576Z] CLI Version:   15.16.0
[debug] [2026-05-03T04:50:39.576Z] Platform:      win32
[debug] [2026-05-03T04:50:39.576Z] Node Version:  v24.15.0
[debug] [2026-05-03T04:50:39.576Z] Time:          Sun May 03 2026 10:20:39 GMT+0530 (India Standard Time)
[debug] [2026-05-03T04:50:39.577Z] ----------------------------------------------------------------------
[debug] 
[info] 
     ######## #### ########  ######## ########     ###     ######  ########
     ##        ##  ##     ## ##       ##     ##  ##   ##  ##       ##
     ######    ##  ########  ######   ########  #########  ######  ######
     ##        ##  ##    ##  ##       ##     ## ##     ##       ## ##
     ##       #### ##     ## ######## ########  ##     ##  ######  ########

You're about to initialize a Firebase project in this directory:

  C:\Users\chamara\Desktop\Template-dashboard\template-store-dashboard

Before we get started, keep in mind:

  * You are initializing within an existing Firebase project directory

[info] 
=== Project Setup
[info] 
[info] First, let's associate this project directory with a Firebase project.
[info] You can create multiple project aliases by running firebase use --add, 
[info] 
[debug] [2026-05-03T04:50:57.837Z] > command requires scopes: ["email","openid","https://www.googleapis.com/auth/cloudplatformprojects.readonly","https://www.googleapis.com/auth/firebase","https://www.googleapis.com/auth/cloud-platform"]
[debug] [2026-05-03T04:50:57.837Z] > authorizing via signed-in user (awishkachamara92@gmail.com)
[debug] [2026-05-03T04:50:57.839Z] Checked if tokens are valid: false, expires at: 1777770056556
[debug] [2026-05-03T04:50:57.839Z] Checked if tokens are valid: false, expires at: 1777770056556
[debug] [2026-05-03T04:50:57.840Z] > refreshing access token with scopes: []
[debug] [2026-05-03T04:50:57.842Z] >>> [apiv2][query] POST https://www.googleapis.com/oauth2/v3/token [none]
[debug] [2026-05-03T04:50:57.843Z] >>> [apiv2][body] POST https://www.googleapis.com/oauth2/v3/token [omitted]
[debug] [2026-05-03T04:50:57.858Z] *** [apiv2] error from fetch(https://www.googleapis.com/oauth2/v3/token, {"headers":{},"method":"POST","body":{"_overheadLength":545,"_valueLength":211,"_valuesToMeasure":[],"writable":false,"readable":true,"dataSize":0,"maxDataSize":2097152,"pauseStreams":true,"_released":true,"_streams":[],"_currentStream":null,"_insideLoop":false,"_pendingNext":false,"_boundary":"--------------------------1ddfc768dcde927cfa4d5a63","_events":{},"_eventsCount":1}}): FetchError: request to https://www.googleapis.com/oauth2/v3/token failed, reason: getaddrinfo ENOTFOUND www.googleapis.com
[error] Authentication Error: Your credentials are no longer valid. Please run firebase login --reauth

For CI servers and headless environments, generate a new token with firebase login:ci
[debug] [2026-05-03T04:50:57.859Z] Authentication Error: Your credentials are no longer valid. Please run firebase login --reauth

For CI servers and headless environments, generate a new token with firebase login:ci
[debug] [2026-05-03T04:50:57.863Z] FirebaseError: Authentication Error: Your credentials are no longer valid. Please run firebase login --reauth

For CI servers and headless environments, generate a new token with firebase login:ci
    at invalidCredentialError (C:\Users\chamara\AppData\Roaming\npm\node_modules\firebase-tools\lib\auth.js:177:12)
    at refreshTokens (C:\Users\chamara\AppData\Roaming\npm\node_modules\firebase-tools\lib\auth.js:590:15)
    at process.processTicksAndRejections (node:internal/process/task_queues:104:5)
    at async getAccessToken (C:\Users\chamara\AppData\Roaming\npm\node_modules\firebase-tools\lib\apiv2.js:52:18)
    at async Client.addAuthHeader (C:\Users\chamara\AppData\Roaming\npm\node_modules\firebase-tools\lib\apiv2.js:182:21)
    at async Client.request (C:\Users\chamara\AppData\Roaming\npm\node_modules\firebase-tools\lib\apiv2.js:129:34)
    at async getFirebaseProject (C:\Users\chamara\AppData\Roaming\npm\node_modules\firebase-tools\lib\management\projects.js:361:21)
    at async usingProject (C:\Users\chamara\AppData\Roaming\npm\node_modules\firebase-tools\lib\init\features\project.js:77:16)
    at async Object.doSetup (C:\Users\chamara\AppData\Roaming\npm\node_modules\firebase-tools\lib\init\features\project.js:29:9)
    at async init (C:\Users\chamara\AppData\Roaming\npm\node_modules\firebase-tools\lib\init\index.js:98:13)
[error] 
[error] Error: Failed to get Firebase project templatesdashboard-8322b. Please make sure the project exists and your account has permission to access it.
